# JRE version: OpenJDK Runtime Environment (8.0_152-b01) (build 1.8.0_152-release-915-b01)
# Java VM: OpenJDK Server VM (25.152-b01 mixed mode windows-x86 )
Heap:
 def new generation   total 32192K, used 19968K [0x11000000, 0x132e0000, 0x26550000)
  eden space 28672K,  57% used [0x11000000, 0x12010250, 0x12c00000)
  from space 3520K, 100% used [0x12c00000, 0x12f70000, 0x12f70000)
  to   space 3520K,   0% used [0x12f70000, 0x12f70000, 0x132e0000)
 tenured generation   total 71224K, used 49375K [0x26550000, 0x2aade000, 0x51000000)
   the space 71224K,  69% used [0x26550000, 0x29587ca0, 0x29587e00, 0x2aade000)
 Metaspace       used 41663K, capacity 42907K, committed 43008K, reserved 43392K
GC Heap History (10 events):
Event: 125.491 GC heap before
{Heap before GC invocations=79 (full 3):
 def new generation   total 20864K, used 20864K [0x11000000, 0x126a0000, 0x26550000)
  eden space 18560K, 100% used [0x11000000, 0x12220000, 0x12220000)
  from space 2304K, 100% used [0x12460000, 0x126a0000, 0x126a0000)
  to   space 2304K,   0% used [0x12220000, 0x12220000, 0x12460000)
 tenured generation   total 46188K, used 45097K [0x26550000, 0x2926b000, 0x51000000)
   the space 46188K,  97% used [0x26550000, 0x2915a498, 0x2915a600, 0x2926b000)
 Metaspace       used 39440K, capacity 40662K, committed 40704K, reserved 41344K
Event: 125.853 GC heap after
Heap after GC invocations=80 (full 4):
 def new generation   total 32192K, used 0K [0x11000000, 0x132e0000, 0x26550000)
  eden space 28672K,   0% used [0x11000000, 0x11000000, 0x12c00000)
  from space 3520K,   0% used [0x12c00000, 0x12c00000, 0x12f70000)
  to   space 3520K,   0% used [0x12f70000, 0x12f70000, 0x132e0000)
 tenured generation   total 71224K, used 42734K [0x26550000, 0x2aade000, 0x51000000)
   the space 71224K,  59% used [0x26550000, 0x28f0b868, 0x28f0ba00, 0x2aade000)
 Metaspace       used 39440K, capacity 40662K, committed 40704K, reserved 41344K
}
Event: 127.308 GC heap before
{Heap before GC invocations=80 (full 4):
 def new generation   total 32192K, used 28672K [0x11000000, 0x132e0000, 0x26550000)
  eden space 28672K, 100% used [0x11000000, 0x12c00000, 0x12c00000)
  from space 3520K,   0% used [0x12c00000, 0x12c00000, 0x12f70000)
  to   space 3520K,   0% used [0x12f70000, 0x12f70000, 0x132e0000)
 tenured generation   total 71224K, used 42734K [0x26550000, 0x2aade000, 0x51000000)
   the space 71224K,  59% used [0x26550000, 0x28f0b868, 0x28f0ba00, 0x2aade000)
 Metaspace       used 39517K, capacity 40758K, committed 40832K, reserved 41344K
Event: 127.316 GC heap after
Heap after GC invocations=81 (full 4):
 def new generation   total 32192K, used 799K [0x11000000, 0x132e0000, 0x26550000)
  eden space 28672K,   0% used [0x11000000, 0x11000000, 0x12c00000)
  from space 3520K,  22% used [0x12f70000, 0x13037c68, 0x132e0000)
  to   space 3520K,   0% used [0x12c00000, 0x12c00000, 0x12f70000)
 tenured generation   total 71224K, used 42734K [0x26550000, 0x2aade000, 0x51000000)
   the space 71224K,  59% used [0x26550000, 0x28f0b868, 0x28f0ba00, 0x2aade000)
 Metaspace       used 39517K, capacity 40758K, committed 40832K, reserved 41344K
}
Event: 130.673 GC heap before
{Heap before GC invocations=81 (full 4):
 def new generation   total 32192K, used 29471K [0x11000000, 0x132e0000, 0x26550000)
  eden space 28672K, 100% used [0x11000000, 0x12c00000, 0x12c00000)
  from space 3520K,  22% used [0x12f70000, 0x13037c68, 0x132e0000)
  to   space 3520K,   0% used [0x12c00000, 0x12c00000, 0x12f70000)
 tenured generation   total 71224K, used 42734K [0x26550000, 0x2aade000, 0x51000000)
   the space 71224K,  59% used [0x26550000, 0x28f0b868, 0x28f0ba00, 0x2aade000)
 Metaspace       used 40112K, capacity 41350K, committed 41472K, reserved 42368K
Event: 130.701 GC heap after
Heap after GC invocations=82 (full 4):
 def new generation   total 32192K, used 3520K [0x11000000, 0x132e0000, 0x26550000)
  eden space 28672K,   0% used [0x11000000, 0x11000000, 0x12c00000)
  from space 3520K, 100% used [0x12c00000, 0x12f70000, 0x12f70000)
  to   space 3520K,   0% used [0x12f70000, 0x12f70000, 0x132e0000)
 tenured generation   total 71224K, used 42855K [0x26550000, 0x2aade000, 0x51000000)
   the space 71224K,  60% used [0x26550000, 0x28f29e60, 0x28f2a000, 0x2aade000)
 Metaspace       used 40112K, capacity 41350K, committed 41472K, reserved 42368K
}
Event: 136.235 GC heap before
{Heap before GC invocations=82 (full 4):
 def new generation   total 32192K, used 31954K [0x11000000, 0x132e0000, 0x26550000)
  eden space 28672K,  99% used [0x11000000, 0x12bc49d8, 0x12c00000)
  from space 3520K, 100% used [0x12c00000, 0x12f70000, 0x12f70000)
  to   space 3520K,   0% used [0x12f70000, 0x12f70000, 0x132e0000)
 tenured generation   total 71224K, used 42855K [0x26550000, 0x2aade000, 0x51000000)
   the space 71224K,  60% used [0x26550000, 0x28f29e60, 0x28f2a000, 0x2aade000)
 Metaspace       used 40777K, capacity 41995K, committed 42112K, reserved 42368K
Event: 136.267 GC heap after
Heap after GC invocations=83 (full 4):
 def new generation   total 32192K, used 2823K [0x11000000, 0x132e0000, 0x26550000)
  eden space 28672K,   0% used [0x11000000, 0x11000000, 0x12c00000)
  from space 3520K,  80% used [0x12f70000, 0x13231c78, 0x132e0000)
  to   space 3520K,   0% used [0x12c00000, 0x12c00000, 0x12f70000)
 tenured generation   total 71224K, used 45828K [0x26550000, 0x2aade000, 0x51000000)
   the space 71224K,  64% used [0x26550000, 0x29211258, 0x29211400, 0x2aade000)
 Metaspace       used 40777K, capacity 41995K, committed 42112K, reserved 42368K
}
Event: 138.829 GC heap before
{Heap before GC invocations=83 (full 4):
 def new generation   total 32192K, used 31495K [0x11000000, 0x132e0000, 0x26550000)
  eden space 28672K, 100% used [0x11000000, 0x12c00000, 0x12c00000)
  from space 3520K,  80% used [0x12f70000, 0x13231c78, 0x132e0000)
  to   space 3520K,   0% used [0x12c00000, 0x12c00000, 0x12f70000)
 tenured generation   total 71224K, used 45828K [0x26550000, 0x2aade000, 0x51000000)
   the space 71224K,  64% used [0x26550000, 0x29211258, 0x29211400, 0x2aade000)
 Metaspace       used 41012K, capacity 42259K, committed 42368K, reserved 42368K
Event: 138.870 GC heap after
Heap after GC invocations=84 (full 4):
 def new generation   total 32192K, used 3520K [0x11000000, 0x132e0000, 0x26550000)
  eden space 28672K,   0% used [0x11000000, 0x11000000, 0x12c00000)
  from space 3520K, 100% used [0x12c00000, 0x12f70000, 0x12f70000)
  to   space 3520K,   0% used [0x12f70000, 0x12f70000, 0x132e0000)
 tenured generation   total 71224K, used 49375K [0x26550000, 0x2aade000, 0x51000000)
   the space 71224K,  69% used [0x26550000, 0x29587ca0, 0x29587e00, 0x2aade000)
 Metaspace       used 41012K, capacity 42259K, committed 42368K, reserved 42368K
}

