# JRE version: OpenJDK Runtime Environment (8.0_152-b01) (build 1.8.0_152-release-915-b01)
# Java VM: OpenJDK Server VM (25.152-b01 mixed mode windows-x86 )
Heap:
 def new generation   total 31936K, used 12371K [0x11000000, 0x132a0000, 0x26550000)
  eden space 28416K,  32% used [0x11000000, 0x118f26e8, 0x12bc0000)
  from space 3520K,  91% used [0x12bc0000, 0x12ee25a0, 0x12f30000)
  to   space 3520K,   0% used [0x12f30000, 0x12f30000, 0x132a0000)
 tenured generation   total 70760K, used 54370K [0x26550000, 0x2aa6a000, 0x51000000)
   the space 70760K,  76% used [0x26550000, 0x29a68850, 0x29a68a00, 0x2aa6a000)
 Metaspace       used 43513K, capacity 44783K, committed 44928K, reserved 45440K
GC Heap History (10 events):
Event: 156.515 GC heap before
{Heap before GC invocations=81 (full 4):
 def new generation   total 31936K, used 31936K [0x11000000, 0x132a0000, 0x26550000)
  eden space 28416K, 100% used [0x11000000, 0x12bc0000, 0x12bc0000)
  from space 3520K, 100% used [0x12f30000, 0x132a0000, 0x132a0000)
  to   space 3520K,   0% used [0x12bc0000, 0x12bc0000, 0x12f30000)
 tenured generation   total 70760K, used 43049K [0x26550000, 0x2aa6a000, 0x51000000)
   the space 70760K,  60% used [0x26550000, 0x28f5a550, 0x28f5a600, 0x2aa6a000)
 Metaspace       used 41290K, capacity 42560K, committed 42624K, reserved 43392K
Event: 156.544 GC heap after
Heap after GC invocations=82 (full 4):
 def new generation   total 31936K, used 2142K [0x11000000, 0x132a0000, 0x26550000)
  eden space 28416K,   0% used [0x11000000, 0x11000000, 0x12bc0000)
  from space 3520K,  60% used [0x12bc0000, 0x12dd7bb0, 0x12f30000)
  to   space 3520K,   0% used [0x12f30000, 0x12f30000, 0x132a0000)
 tenured generation   total 70760K, used 45676K [0x26550000, 0x2aa6a000, 0x51000000)
   the space 70760K,  64% used [0x26550000, 0x291eb038, 0x291eb200, 0x2aa6a000)
 Metaspace       used 41290K, capacity 42560K, committed 42624K, reserved 43392K
}
Event: 161.369 GC heap before
{Heap before GC invocations=82 (full 4):
 def new generation   total 31936K, used 30558K [0x11000000, 0x132a0000, 0x26550000)
  eden space 28416K, 100% used [0x11000000, 0x12bc0000, 0x12bc0000)
  from space 3520K,  60% used [0x12bc0000, 0x12dd7bb0, 0x12f30000)
  to   space 3520K,   0% used [0x12f30000, 0x12f30000, 0x132a0000)
 tenured generation   total 70760K, used 45676K [0x26550000, 0x2aa6a000, 0x51000000)
   the space 70760K,  64% used [0x26550000, 0x291eb038, 0x291eb200, 0x2aa6a000)
 Metaspace       used 41423K, capacity 42696K, committed 42752K, reserved 43392K
Event: 161.381 GC heap after
Heap after GC invocations=83 (full 4):
 def new generation   total 31936K, used 775K [0x11000000, 0x132a0000, 0x26550000)
  eden space 28416K,   0% used [0x11000000, 0x11000000, 0x12bc0000)
  from space 3520K,  22% used [0x12f30000, 0x12ff1f98, 0x132a0000)
  to   space 3520K,   0% used [0x12bc0000, 0x12bc0000, 0x12f30000)
 tenured generation   total 70760K, used 46582K [0x26550000, 0x2aa6a000, 0x51000000)
   the space 70760K,  65% used [0x26550000, 0x292cda98, 0x292cdc00, 0x2aa6a000)
 Metaspace       used 41423K, capacity 42696K, committed 42752K, reserved 43392K
}
Event: 168.360 GC heap before
{Heap before GC invocations=83 (full 4):
 def new generation   total 31936K, used 29191K [0x11000000, 0x132a0000, 0x26550000)
  eden space 28416K, 100% used [0x11000000, 0x12bc0000, 0x12bc0000)
  from space 3520K,  22% used [0x12f30000, 0x12ff1f98, 0x132a0000)
  to   space 3520K,   0% used [0x12bc0000, 0x12bc0000, 0x12f30000)
 tenured generation   total 70760K, used 46582K [0x26550000, 0x2aa6a000, 0x51000000)
   the space 70760K,  65% used [0x26550000, 0x292cda98, 0x292cdc00, 0x2aa6a000)
 Metaspace       used 42141K, capacity 43376K, committed 43392K, reserved 43392K
Event: 168.392 GC heap after
Heap after GC invocations=84 (full 4):
 def new generation   total 31936K, used 3520K [0x11000000, 0x132a0000, 0x26550000)
  eden space 28416K,   0% used [0x11000000, 0x11000000, 0x12bc0000)
  from space 3520K, 100% used [0x12bc0000, 0x12f30000, 0x12f30000)
  to   space 3520K,   0% used [0x12f30000, 0x12f30000, 0x132a0000)
 tenured generation   total 70760K, used 47109K [0x26550000, 0x2aa6a000, 0x51000000)
   the space 70760K,  66% used [0x26550000, 0x293516e0, 0x29351800, 0x2aa6a000)
 Metaspace       used 42141K, capacity 43376K, committed 43392K, reserved 43392K
}
Event: 200.574 GC heap before
{Heap before GC invocations=84 (full 4):
 def new generation   total 31936K, used 31936K [0x11000000, 0x132a0000, 0x26550000)
  eden space 28416K, 100% used [0x11000000, 0x12bc0000, 0x12bc0000)
  from space 3520K, 100% used [0x12bc0000, 0x12f30000, 0x12f30000)
  to   space 3520K,   0% used [0x12f30000, 0x12f30000, 0x132a0000)
 tenured generation   total 70760K, used 47109K [0x26550000, 0x2aa6a000, 0x51000000)
   the space 70760K,  66% used [0x26550000, 0x293516e0, 0x29351800, 0x2aa6a000)
 Metaspace       used 42685K, capacity 43935K, committed 44032K, reserved 44416K
Event: 200.616 GC heap after
Heap after GC invocations=85 (full 4):
 def new generation   total 31936K, used 3520K [0x11000000, 0x132a0000, 0x26550000)
  eden space 28416K,   0% used [0x11000000, 0x11000000, 0x12bc0000)
  from space 3520K, 100% used [0x12f30000, 0x132a0000, 0x132a0000)
  to   space 3520K,   0% used [0x12bc0000, 0x12bc0000, 0x12f30000)
 tenured generation   total 70760K, used 50894K [0x26550000, 0x2aa6a000, 0x51000000)
   the space 70760K,  71% used [0x26550000, 0x297038c8, 0x29703a00, 0x2aa6a000)
 Metaspace       used 42685K, capacity 43935K, committed 44032K, reserved 44416K
}
Event: 204.824 GC heap before
{Heap before GC invocations=85 (full 4):
 def new generation   total 31936K, used 31936K [0x11000000, 0x132a0000, 0x26550000)
  eden space 28416K, 100% used [0x11000000, 0x12bc0000, 0x12bc0000)
  from space 3520K, 100% used [0x12f30000, 0x132a0000, 0x132a0000)
  to   space 3520K,   0% used [0x12bc0000, 0x12bc0000, 0x12f30000)
 tenured generation   total 70760K, used 50894K [0x26550000, 0x2aa6a000, 0x51000000)
   the space 70760K,  71% used [0x26550000, 0x297038c8, 0x29703a00, 0x2aa6a000)
 Metaspace       used 42944K, capacity 44202K, committed 44288K, reserved 44416K
Event: 204.864 GC heap after
Heap after GC invocations=86 (full 4):
 def new generation   total 31936K, used 3209K [0x11000000, 0x132a0000, 0x26550000)
  eden space 28416K,   0% used [0x11000000, 0x11000000, 0x12bc0000)
  from space 3520K,  91% used [0x12bc0000, 0x12ee25a0, 0x12f30000)
  to   space 3520K,   0% used [0x12f30000, 0x12f30000, 0x132a0000)
 tenured generation   total 70760K, used 54370K [0x26550000, 0x2aa6a000, 0x51000000)
   the space 70760K,  76% used [0x26550000, 0x29a68850, 0x29a68a00, 0x2aa6a000)
 Metaspace       used 42944K, capacity 44202K, committed 44288K, reserved 44416K
}

